<?xml version="1.0" encoding="UTF-8"?>
<coverage generated="1665330911003" clover="3.2.0">
  <project timestamp="1665330911003" name="All files">
    <metrics statements="115" coveredstatements="86" conditionals="31" coveredconditionals="20" methods="22" coveredmethods="18" elements="168" coveredelements="124" complexity="0" loc="115" ncloc="115" packages="2" files="3" classes="3"/>
    <package name="mobile-game-1">
      <metrics statements="96" coveredstatements="68" conditionals="27" coveredconditionals="17" methods="17" coveredmethods="13"/>
      <file name="App.js" path="/Users/duc/mobile-game-1/App.js">
        <metrics statements="58" coveredstatements="30" conditionals="17" coveredconditionals="8" methods="11" coveredmethods="7"/>
        <line num="22" count="1" type="stmt"/>
        <line num="24" count="1" type="stmt"/>
        <line num="25" count="3" type="stmt"/>
        <line num="26" count="3" type="stmt"/>
        <line num="27" count="3" type="stmt"/>
        <line num="28" count="3" type="stmt"/>
        <line num="29" count="3" type="stmt"/>
        <line num="31" count="3" type="stmt"/>
        <line num="33" count="2" type="cond" truecount="1" falsecount="1"/>
        <line num="34" count="0" type="stmt"/>
        <line num="43" count="3" type="stmt"/>
        <line num="44" count="0" type="stmt"/>
        <line num="45" count="0" type="stmt"/>
        <line num="46" count="0" type="stmt"/>
        <line num="49" count="3" type="stmt"/>
        <line num="50" count="1" type="stmt"/>
        <line num="51" count="1" type="stmt"/>
        <line num="52" count="1" type="stmt"/>
        <line num="53" count="1" type="stmt"/>
        <line num="56" count="3" type="stmt"/>
        <line num="57" count="0" type="stmt"/>
        <line num="58" count="0" type="stmt"/>
        <line num="59" count="0" type="stmt"/>
        <line num="60" count="0" type="stmt"/>
        <line num="61" count="0" type="stmt"/>
        <line num="62" count="0" type="stmt"/>
        <line num="63" count="0" type="stmt"/>
        <line num="66" count="3" type="stmt"/>
        <line num="67" count="0" type="stmt"/>
        <line num="68" count="0" type="cond" truecount="0" falsecount="2"/>
        <line num="72" count="0" type="stmt"/>
        <line num="73" count="0" type="stmt"/>
        <line num="74" count="0" type="stmt"/>
        <line num="75" count="0" type="stmt"/>
        <line num="76" count="0" type="stmt"/>
        <line num="77" count="0" type="stmt"/>
        <line num="80" count="0" type="stmt"/>
        <line num="81" count="0" type="stmt"/>
        <line num="82" count="0" type="stmt"/>
        <line num="83" count="0" type="stmt"/>
        <line num="85" count="0" type="stmt"/>
        <line num="86" count="0" type="stmt"/>
        <line num="91" count="3" type="stmt"/>
        <line num="92" count="1" type="cond" truecount="3" falsecount="1"/>
        <line num="93" count="0" type="stmt"/>
        <line num="94" count="1" type="cond" truecount="1" falsecount="1"/>
        <line num="99" count="0" type="stmt"/>
        <line num="101" count="1" type="stmt"/>
        <line num="102" count="1" type="cond" truecount="1" falsecount="1"/>
        <line num="103" count="1" type="stmt"/>
        <line num="105" count="0" type="stmt"/>
        <line num="109" count="3" type="stmt"/>
        <line num="110" count="3" type="stmt"/>
        <line num="111" count="12" type="stmt"/>
        <line num="114" count="36" type="stmt"/>
        <line num="131" count="3" type="stmt"/>
        <line num="133" count="3" type="stmt"/>
        <line num="152" count="1" type="stmt"/>
      </file>
      <file name="utils.js" path="/Users/duc/mobile-game-1/utils.js">
        <metrics statements="38" coveredstatements="38" conditionals="10" coveredconditionals="9" methods="6" coveredmethods="6"/>
        <line num="1" count="1" type="stmt"/>
        <line num="2" count="1" type="stmt"/>
        <line num="8" count="1" type="cond" truecount="2" falsecount="0"/>
        <line num="9" count="14" type="stmt"/>
        <line num="10" count="14" type="stmt"/>
        <line num="11" count="56" type="stmt"/>
        <line num="13" count="14" type="stmt"/>
        <line num="16" count="1" type="stmt"/>
        <line num="17" count="13" type="stmt"/>
        <line num="18" count="13" type="stmt"/>
        <line num="21" count="13" type="stmt"/>
        <line num="22" count="80" type="stmt"/>
        <line num="23" count="80" type="cond" truecount="2" falsecount="0"/>
        <line num="25" count="78" type="stmt"/>
        <line num="28" count="13" type="stmt"/>
        <line num="29" count="52" type="stmt"/>
        <line num="30" count="156" type="stmt"/>
        <line num="31" count="156" type="stmt"/>
        <line num="32" count="156" type="stmt"/>
        <line num="33" count="156" type="cond" truecount="1" falsecount="1"/>
        <line num="34" count="156" type="stmt"/>
        <line num="35" count="156" type="stmt"/>
        <line num="37" count="156" type="cond" truecount="2" falsecount="0"/>
        <line num="38" count="78" type="stmt"/>
        <line num="40" count="156" type="stmt"/>
        <line num="45" count="13" type="stmt"/>
        <line num="48" count="1" type="stmt"/>
        <line num="49" count="11" type="stmt"/>
        <line num="50" count="11" type="stmt"/>
        <line num="51" count="44" type="stmt"/>
        <line num="52" count="132" type="cond" truecount="2" falsecount="0"/>
        <line num="57" count="11" type="stmt"/>
        <line num="60" count="1" type="stmt"/>
        <line num="61" count="1" type="stmt"/>
        <line num="62" count="1" type="stmt"/>
        <line num="63" count="4" type="stmt"/>
        <line num="64" count="12" type="stmt"/>
        <line num="67" count="1" type="stmt"/>
      </file>
    </package>
    <package name="mobile-game-1.components">
      <metrics statements="19" coveredstatements="18" conditionals="4" coveredconditionals="3" methods="5" coveredmethods="5"/>
      <file name="Cards.js" path="/Users/duc/mobile-game-1/components/Cards.js">
        <metrics statements="19" coveredstatements="18" conditionals="4" coveredconditionals="3" methods="5" coveredmethods="5"/>
        <line num="6" count="1" type="stmt"/>
        <line num="7" count="36" type="stmt"/>
        <line num="9" count="36" type="stmt"/>
        <line num="19" count="36" type="stmt"/>
        <line num="30" count="36" type="stmt"/>
        <line num="31" count="1" type="stmt"/>
        <line num="38" count="36" type="stmt"/>
        <line num="39" count="24" type="stmt"/>
        <line num="46" count="36" type="stmt"/>
        <line num="47" count="1" type="stmt"/>
        <line num="50" count="36" type="stmt"/>
        <line num="51" count="25" type="cond" truecount="1" falsecount="1"/>
        <line num="52" count="0" type="stmt"/>
        <line num="53" count="25" type="cond" truecount="2" falsecount="0"/>
        <line num="54" count="1" type="stmt"/>
        <line num="56" count="24" type="stmt"/>
        <line num="60" count="36" type="stmt"/>
        <line num="80" count="1" type="stmt"/>
        <line num="103" count="1" type="stmt"/>
      </file>
    </package>
  </project>
</coverage>
