{"/Users/duc/mobile-game-1/App.js": {"path":"/Users/duc/mobile-game-1/App.js","statementMap":{"0":{"start":{"line":22,"column":23},"end":{"line":22,"column":45}},"1":{"start":{"line":24,"column":12},"end":{"line":150,"column":1}},"2":{"start":{"line":25,"column":30},"end":{"line":25,"column":56}},"3":{"start":{"line":26,"column":36},"end":{"line":26,"column":50}},"4":{"start":{"line":27,"column":32},"end":{"line":27,"column":47}},"5":{"start":{"line":28,"column":26},"end":{"line":28,"column":37}},"6":{"start":{"line":29,"column":40},"end":{"line":29,"column":51}},"7":{"start":{"line":31,"column":2},"end":{"line":41,"column":20}},"8":{"start":{"line":33,"column":4},"end":{"line":40,"column":5}},"9":{"start":{"line":34,"column":6},"end":{"line":39,"column":9}},"10":{"start":{"line":43,"column":18},"end":{"line":47,"column":3}},"11":{"start":{"line":44,"column":4},"end":{"line":44,"column":38}},"12":{"start":{"line":45,"column":4},"end":{"line":45,"column":15}},"13":{"start":{"line":46,"column":4},"end":{"line":46,"column":22}},"14":{"start":{"line":49,"column":26},"end":{"line":54,"column":3}},"15":{"start":{"line":50,"column":4},"end":{"line":50,"column":63}},"16":{"start":{"line":51,"column":22},"end":{"line":51,"column":41}},"17":{"start":{"line":52,"column":4},"end":{"line":52,"column":53}},"18":{"start":{"line":53,"column":4},"end":{"line":53,"column":25}},"19":{"start":{"line":56,"column":34},"end":{"line":64,"column":3}},"20":{"start":{"line":57,"column":41},"end":{"line":57,"column":50}},"21":{"start":{"line":58,"column":23},"end":{"line":58,"column":42}},"22":{"start":{"line":59,"column":4},"end":{"line":59,"column":65}},"23":{"start":{"line":60,"column":4},"end":{"line":60,"column":23}},"24":{"start":{"line":61,"column":4},"end":{"line":61,"column":55}},"25":{"start":{"line":62,"column":4},"end":{"line":62,"column":26}},"26":{"start":{"line":63,"column":4},"end":{"line":63,"column":22}},"27":{"start":{"line":66,"column":27},"end":{"line":89,"column":3}},"28":{"start":{"line":67,"column":41},"end":{"line":67,"column":50}},"29":{"start":{"line":68,"column":4},"end":{"line":88,"column":5}},"30":{"start":{"line":72,"column":24},"end":{"line":72,"column":43}},"31":{"start":{"line":73,"column":6},"end":{"line":73,"column":61}},"32":{"start":{"line":74,"column":6},"end":{"line":74,"column":71}},"33":{"start":{"line":75,"column":6},"end":{"line":75,"column":27}},"34":{"start":{"line":76,"column":6},"end":{"line":76,"column":25}},"35":{"start":{"line":77,"column":6},"end":{"line":77,"column":38}},"36":{"start":{"line":80,"column":24},"end":{"line":80,"column":43}},"37":{"start":{"line":81,"column":6},"end":{"line":81,"column":55}},"38":{"start":{"line":82,"column":6},"end":{"line":82,"column":27}},"39":{"start":{"line":83,"column":6},"end":{"line":83,"column":23}},"40":{"start":{"line":85,"column":6},"end":{"line":87,"column":15}},"41":{"start":{"line":86,"column":8},"end":{"line":86,"column":59}},"42":{"start":{"line":91,"column":22},"end":{"line":107,"column":3}},"43":{"start":{"line":92,"column":4},"end":{"line":93,"column":13}},"44":{"start":{"line":93,"column":6},"end":{"line":93,"column":13}},"45":{"start":{"line":94,"column":4},"end":{"line":99,"column":13}},"46":{"start":{"line":99,"column":6},"end":{"line":99,"column":13}},"47":{"start":{"line":101,"column":4},"end":{"line":101,"column":22}},"48":{"start":{"line":102,"column":4},"end":{"line":106,"column":5}},"49":{"start":{"line":103,"column":6},"end":{"line":103,"column":38}},"50":{"start":{"line":105,"column":6},"end":{"line":105,"column":39}},"51":{"start":{"line":109,"column":20},"end":{"line":129,"column":3}},"52":{"start":{"line":110,"column":4},"end":{"line":128,"column":7}},"53":{"start":{"line":111,"column":6},"end":{"line":127,"column":8}},"54":{"start":{"line":114,"column":12},"end":{"line":124,"column":14}},"55":{"start":{"line":131,"column":21},"end":{"line":131,"column":48}},"56":{"start":{"line":133,"column":2},"end":{"line":149,"column":4}},"57":{"start":{"line":152,"column":15},"end":{"line":188,"column":2}}},"fnMap":{"0":{"name":"(anonymous_0)","decl":{"start":{"line":24,"column":12},"end":{"line":24,"column":13}},"loc":{"start":{"line":24,"column":18},"end":{"line":150,"column":1}},"line":24},"1":{"name":"(anonymous_1)","decl":{"start":{"line":31,"column":12},"end":{"line":31,"column":13}},"loc":{"start":{"line":31,"column":18},"end":{"line":41,"column":3}},"line":31},"2":{"name":"(anonymous_2)","decl":{"start":{"line":43,"column":18},"end":{"line":43,"column":19}},"loc":{"start":{"line":43,"column":24},"end":{"line":47,"column":3}},"line":43},"3":{"name":"(anonymous_3)","decl":{"start":{"line":49,"column":26},"end":{"line":49,"column":27}},"loc":{"start":{"line":49,"column":46},"end":{"line":54,"column":3}},"line":49},"4":{"name":"(anonymous_4)","decl":{"start":{"line":56,"column":34},"end":{"line":56,"column":35}},"loc":{"start":{"line":56,"column":65},"end":{"line":64,"column":3}},"line":56},"5":{"name":"(anonymous_5)","decl":{"start":{"line":66,"column":27},"end":{"line":66,"column":28}},"loc":{"start":{"line":66,"column":47},"end":{"line":89,"column":3}},"line":66},"6":{"name":"(anonymous_6)","decl":{"start":{"line":85,"column":17},"end":{"line":85,"column":18}},"loc":{"start":{"line":85,"column":23},"end":{"line":87,"column":7}},"line":85},"7":{"name":"(anonymous_7)","decl":{"start":{"line":91,"column":22},"end":{"line":91,"column":23}},"loc":{"start":{"line":91,"column":42},"end":{"line":107,"column":3}},"line":91},"8":{"name":"(anonymous_8)","decl":{"start":{"line":109,"column":20},"end":{"line":109,"column":21}},"loc":{"start":{"line":109,"column":26},"end":{"line":129,"column":3}},"line":109},"9":{"name":"(anonymous_9)","decl":{"start":{"line":110,"column":22},"end":{"line":110,"column":23}},"loc":{"start":{"line":110,"column":39},"end":{"line":128,"column":5}},"line":110},"10":{"name":"(anonymous_10)","decl":{"start":{"line":113,"column":19},"end":{"line":113,"column":20}},"loc":{"start":{"line":113,"column":36},"end":{"line":125,"column":11}},"line":113}},"branchMap":{"0":{"loc":{"start":{"line":33,"column":4},"end":{"line":40,"column":5}},"type":"if","locations":[{"start":{"line":33,"column":4},"end":{"line":40,"column":5}},{"start":{},"end":{}}],"line":33},"1":{"loc":{"start":{"line":68,"column":4},"end":{"line":88,"column":5}},"type":"if","locations":[{"start":{"line":68,"column":4},"end":{"line":88,"column":5}},{"start":{"line":78,"column":11},"end":{"line":88,"column":5}}],"line":68},"2":{"loc":{"start":{"line":92,"column":4},"end":{"line":93,"column":13}},"type":"if","locations":[{"start":{"line":92,"column":4},"end":{"line":93,"column":13}},{"start":{},"end":{}}],"line":92},"3":{"loc":{"start":{"line":92,"column":8},"end":{"line":92,"column":72}},"type":"binary-expr","locations":[{"start":{"line":92,"column":8},"end":{"line":92,"column":15}},{"start":{"line":92,"column":19},"end":{"line":92,"column":72}}],"line":92},"4":{"loc":{"start":{"line":94,"column":4},"end":{"line":99,"column":13}},"type":"if","locations":[{"start":{"line":94,"column":4},"end":{"line":99,"column":13}},{"start":{},"end":{}}],"line":94},"5":{"loc":{"start":{"line":95,"column":6},"end":{"line":97,"column":38}},"type":"binary-expr","locations":[{"start":{"line":95,"column":6},"end":{"line":95,"column":15}},{"start":{"line":96,"column":6},"end":{"line":96,"column":38}},{"start":{"line":97,"column":6},"end":{"line":97,"column":38}}],"line":95},"6":{"loc":{"start":{"line":102,"column":4},"end":{"line":106,"column":5}},"type":"if","locations":[{"start":{"line":102,"column":4},"end":{"line":106,"column":5}},{"start":{"line":104,"column":11},"end":{"line":106,"column":5}}],"line":102},"7":{"loc":{"start":{"line":136,"column":18},"end":{"line":136,"column":63}},"type":"cond-expr","locations":[{"start":{"line":136,"column":31},"end":{"line":136,"column":46}},{"start":{"line":136,"column":49},"end":{"line":136,"column":63}}],"line":136}},"s":{"0":1,"1":1,"2":3,"3":3,"4":3,"5":3,"6":3,"7":3,"8":2,"9":0,"10":3,"11":0,"12":0,"13":0,"14":3,"15":1,"16":1,"17":1,"18":1,"19":3,"20":0,"21":0,"22":0,"23":0,"24":0,"25":0,"26":0,"27":3,"28":0,"29":0,"30":0,"31":0,"32":0,"33":0,"34":0,"35":0,"36":0,"37":0,"38":0,"39":0,"40":0,"41":0,"42":3,"43":1,"44":0,"45":1,"46":0,"47":1,"48":1,"49":1,"50":0,"51":3,"52":3,"53":12,"54":36,"55":3,"56":3,"57":1},"f":{"0":3,"1":2,"2":0,"3":1,"4":0,"5":0,"6":0,"7":1,"8":3,"9":12,"10":36},"b":{"0":[0,2],"1":[0,0],"2":[0,1],"3":[1,1],"4":[0,1],"5":[1,0,0],"6":[1,0],"7":[0,3]},"_coverageSchema":"1a1c01bbd47fc00a2c39e90264f33305004495a9","hash":"14d0e1169274d701a93b13042dc5bccc40aa36c8"}
,"/Users/duc/mobile-game-1/utils.js": {"path":"/Users/duc/mobile-game-1/utils.js","statementMap":{"0":{"start":{"line":1,"column":24},"end":{"line":1,"column":25}},"1":{"start":{"line":2,"column":27},"end":{"line":6,"column":1}},"2":{"start":{"line":8,"column":32},"end":{"line":14,"column":1}},"3":{"start":{"line":9,"column":17},"end":{"line":9,"column":48}},"4":{"start":{"line":10,"column":2},"end":{"line":12,"column":5}},"5":{"start":{"line":11,"column":4},"end":{"line":11,"column":53}},"6":{"start":{"line":13,"column":2},"end":{"line":13,"column":16}},"7":{"start":{"line":16,"column":36},"end":{"line":46,"column":1}},"8":{"start":{"line":17,"column":17},"end":{"line":17,"column":35}},"9":{"start":{"line":18,"column":13},"end":{"line":18,"column":15}},"10":{"start":{"line":21,"column":2},"end":{"line":24,"column":3}},"11":{"start":{"line":22,"column":17},"end":{"line":22,"column":52}},"12":{"start":{"line":23,"column":4},"end":{"line":23,"column":48}},"13":{"start":{"line":23,"column":32},"end":{"line":23,"column":48}},"14":{"start":{"line":25,"column":2},"end":{"line":25,"column":58}},"15":{"start":{"line":25,"column":29},"end":{"line":25,"column":55}},"16":{"start":{"line":28,"column":2},"end":{"line":44,"column":3}},"17":{"start":{"line":28,"column":15},"end":{"line":28,"column":16}},"18":{"start":{"line":29,"column":4},"end":{"line":43,"column":5}},"19":{"start":{"line":29,"column":17},"end":{"line":29,"column":18}},"20":{"start":{"line":30,"column":18},"end":{"line":30,"column":23}},"21":{"start":{"line":31,"column":6},"end":{"line":42,"column":7}},"22":{"start":{"line":32,"column":20},"end":{"line":32,"column":65}},"23":{"start":{"line":33,"column":8},"end":{"line":41,"column":9}},"24":{"start":{"line":34,"column":10},"end":{"line":34,"column":79}},"25":{"start":{"line":35,"column":10},"end":{"line":35,"column":48}},"26":{"start":{"line":37,"column":10},"end":{"line":39,"column":11}},"27":{"start":{"line":38,"column":12},"end":{"line":38,"column":32}},"28":{"start":{"line":40,"column":10},"end":{"line":40,"column":23}},"29":{"start":{"line":45,"column":2},"end":{"line":45,"column":16}},"30":{"start":{"line":48,"column":28},"end":{"line":58,"column":1}},"31":{"start":{"line":49,"column":13},"end":{"line":49,"column":15}},"32":{"start":{"line":50,"column":2},"end":{"line":56,"column":3}},"33":{"start":{"line":50,"column":15},"end":{"line":50,"column":16}},"34":{"start":{"line":51,"column":4},"end":{"line":55,"column":5}},"35":{"start":{"line":51,"column":17},"end":{"line":51,"column":18}},"36":{"start":{"line":52,"column":6},"end":{"line":54,"column":12}},"37":{"start":{"line":57,"column":2},"end":{"line":57,"column":12}},"38":{"start":{"line":60,"column":27},"end":{"line":68,"column":1}},"39":{"start":{"line":61,"column":20},"end":{"line":61,"column":38}},"40":{"start":{"line":62,"column":2},"end":{"line":66,"column":3}},"41":{"start":{"line":62,"column":15},"end":{"line":62,"column":16}},"42":{"start":{"line":63,"column":4},"end":{"line":65,"column":5}},"43":{"start":{"line":63,"column":17},"end":{"line":63,"column":18}},"44":{"start":{"line":64,"column":6},"end":{"line":64,"column":37}},"45":{"start":{"line":67,"column":2},"end":{"line":67,"column":19}}},"fnMap":{"0":{"name":"(anonymous_0)","decl":{"start":{"line":8,"column":32},"end":{"line":8,"column":33}},"loc":{"start":{"line":8,"column":69},"end":{"line":14,"column":1}},"line":8},"1":{"name":"(anonymous_1)","decl":{"start":{"line":10,"column":17},"end":{"line":10,"column":18}},"loc":{"start":{"line":10,"column":29},"end":{"line":12,"column":3}},"line":10},"2":{"name":"(anonymous_2)","decl":{"start":{"line":16,"column":36},"end":{"line":16,"column":37}},"loc":{"start":{"line":16,"column":42},"end":{"line":46,"column":1}},"line":16},"3":{"name":"(anonymous_3)","decl":{"start":{"line":25,"column":18},"end":{"line":25,"column":19}},"loc":{"start":{"line":25,"column":29},"end":{"line":25,"column":55}},"line":25},"4":{"name":"(anonymous_4)","decl":{"start":{"line":48,"column":28},"end":{"line":48,"column":29}},"loc":{"start":{"line":48,"column":40},"end":{"line":58,"column":1}},"line":48},"5":{"name":"(anonymous_5)","decl":{"start":{"line":60,"column":27},"end":{"line":60,"column":28}},"loc":{"start":{"line":60,"column":39},"end":{"line":68,"column":1}},"line":60}},"branchMap":{"0":{"loc":{"start":{"line":8,"column":33},"end":{"line":8,"column":46}},"type":"default-arg","locations":[{"start":{"line":8,"column":45},"end":{"line":8,"column":46}}],"line":8},"1":{"loc":{"start":{"line":8,"column":48},"end":{"line":8,"column":64}},"type":"default-arg","locations":[{"start":{"line":8,"column":63},"end":{"line":8,"column":64}}],"line":8},"2":{"loc":{"start":{"line":23,"column":4},"end":{"line":23,"column":48}},"type":"if","locations":[{"start":{"line":23,"column":4},"end":{"line":23,"column":48}},{"start":{},"end":{}}],"line":23},"3":{"loc":{"start":{"line":33,"column":8},"end":{"line":41,"column":9}},"type":"if","locations":[{"start":{"line":33,"column":8},"end":{"line":41,"column":9}},{"start":{},"end":{}}],"line":33},"4":{"loc":{"start":{"line":37,"column":10},"end":{"line":39,"column":11}},"type":"if","locations":[{"start":{"line":37,"column":10},"end":{"line":39,"column":11}},{"start":{},"end":{}}],"line":37},"5":{"loc":{"start":{"line":52,"column":32},"end":{"line":54,"column":11}},"type":"cond-expr","locations":[{"start":{"line":53,"column":10},"end":{"line":53,"column":37}},{"start":{"line":54,"column":10},"end":{"line":54,"column":11}}],"line":52}},"s":{"0":1,"1":1,"2":1,"3":14,"4":14,"5":56,"6":14,"7":1,"8":13,"9":13,"10":13,"11":80,"12":80,"13":78,"14":13,"15":78,"16":13,"17":13,"18":52,"19":52,"20":156,"21":156,"22":156,"23":156,"24":156,"25":156,"26":156,"27":78,"28":156,"29":13,"30":1,"31":11,"32":11,"33":11,"34":44,"35":44,"36":132,"37":11,"38":1,"39":1,"40":1,"41":1,"42":4,"43":4,"44":12,"45":1},"f":{"0":14,"1":56,"2":13,"3":78,"4":11,"5":1},"b":{"0":[14],"1":[14],"2":[78,2],"3":[156,0],"4":[78,78],"5":[66,66]},"_coverageSchema":"1a1c01bbd47fc00a2c39e90264f33305004495a9","hash":"a1a36e4781023e4834b7047028ebe7583b6e0057"}
,"/Users/duc/mobile-game-1/components/Cards.js": {"path":"/Users/duc/mobile-game-1/components/Cards.js","statementMap":{"0":{"start":{"line":6,"column":13},"end":{"line":78,"column":1}},"1":{"start":{"line":7,"column":24},"end":{"line":7,"column":61}},"2":{"start":{"line":9,"column":27},"end":{"line":18,"column":3}},"3":{"start":{"line":19,"column":26},"end":{"line":28,"column":3}},"4":{"start":{"line":30,"column":22},"end":{"line":36,"column":3}},"5":{"start":{"line":31,"column":4},"end":{"line":35,"column":15}},"6":{"start":{"line":38,"column":21},"end":{"line":44,"column":3}},"7":{"start":{"line":39,"column":4},"end":{"line":43,"column":15}},"8":{"start":{"line":46,"column":24},"end":{"line":48,"column":3}},"9":{"start":{"line":47,"column":4},"end":{"line":47,"column":28}},"10":{"start":{"line":50,"column":2},"end":{"line":58,"column":14}},"11":{"start":{"line":51,"column":4},"end":{"line":57,"column":5}},"12":{"start":{"line":52,"column":6},"end":{"line":52,"column":20}},"13":{"start":{"line":53,"column":11},"end":{"line":57,"column":5}},"14":{"start":{"line":54,"column":6},"end":{"line":54,"column":20}},"15":{"start":{"line":56,"column":6},"end":{"line":56,"column":19}},"16":{"start":{"line":60,"column":2},"end":{"line":77,"column":4}},"17":{"start":{"line":80,"column":15},"end":{"line":101,"column":2}},"18":{"start":{"line":103,"column":0},"end":{"line":110,"column":2}}},"fnMap":{"0":{"name":"(anonymous_0)","decl":{"start":{"line":6,"column":13},"end":{"line":6,"column":14}},"loc":{"start":{"line":6,"column":68},"end":{"line":78,"column":1}},"line":6},"1":{"name":"(anonymous_1)","decl":{"start":{"line":30,"column":22},"end":{"line":30,"column":23}},"loc":{"start":{"line":30,"column":28},"end":{"line":36,"column":3}},"line":30},"2":{"name":"(anonymous_2)","decl":{"start":{"line":38,"column":21},"end":{"line":38,"column":22}},"loc":{"start":{"line":38,"column":27},"end":{"line":44,"column":3}},"line":38},"3":{"name":"(anonymous_3)","decl":{"start":{"line":46,"column":24},"end":{"line":46,"column":25}},"loc":{"start":{"line":46,"column":30},"end":{"line":48,"column":3}},"line":46},"4":{"name":"(anonymous_4)","decl":{"start":{"line":50,"column":12},"end":{"line":50,"column":13}},"loc":{"start":{"line":50,"column":18},"end":{"line":58,"column":3}},"line":50}},"branchMap":{"0":{"loc":{"start":{"line":51,"column":4},"end":{"line":57,"column":5}},"type":"if","locations":[{"start":{"line":51,"column":4},"end":{"line":57,"column":5}},{"start":{"line":53,"column":11},"end":{"line":57,"column":5}}],"line":51},"1":{"loc":{"start":{"line":53,"column":11},"end":{"line":57,"column":5}},"type":"if","locations":[{"start":{"line":53,"column":11},"end":{"line":57,"column":5}},{"start":{"line":55,"column":11},"end":{"line":57,"column":5}}],"line":53}},"s":{"0":1,"1":36,"2":36,"3":36,"4":36,"5":1,"6":36,"7":24,"8":36,"9":1,"10":36,"11":25,"12":0,"13":25,"14":1,"15":24,"16":36,"17":1,"18":1},"f":{"0":36,"1":1,"2":24,"3":1,"4":25},"b":{"0":[0,25],"1":[1,24]},"_coverageSchema":"1a1c01bbd47fc00a2c39e90264f33305004495a9","hash":"59538153c16303d10d988870862e09036f2dd0f6"}
}
