TN:
SF:App.js
FN:24,(anonymous_0)
FN:31,(anonymous_1)
FN:43,(anonymous_2)
FN:49,(anonymous_3)
FN:56,(anonymous_4)
FN:66,(anonymous_5)
FN:85,(anonymous_6)
FN:91,(anonymous_7)
FN:109,(anonymous_8)
FN:110,(anonymous_9)
FN:113,(anonymous_10)
FNF:11
FNH:7
FNDA:3,(anonymous_0)
FNDA:2,(anonymous_1)
FNDA:0,(anonymous_2)
FNDA:1,(anonymous_3)
FNDA:0,(anonymous_4)
FNDA:0,(anonymous_5)
FNDA:0,(anonymous_6)
FNDA:1,(anonymous_7)
FNDA:3,(anonymous_8)
FNDA:12,(anonymous_9)
FNDA:36,(anonymous_10)
DA:22,1
DA:24,1
DA:25,3
DA:26,3
DA:27,3
DA:28,3
DA:29,3
DA:31,3
DA:33,2
DA:34,0
DA:43,3
DA:44,0
DA:45,0
DA:46,0
DA:49,3
DA:50,1
DA:51,1
DA:52,1
DA:53,1
DA:56,3
DA:57,0
DA:58,0
DA:59,0
DA:60,0
DA:61,0
DA:62,0
DA:63,0
DA:66,3
DA:67,0
DA:68,0
DA:72,0
DA:73,0
DA:74,0
DA:75,0
DA:76,0
DA:77,0
DA:80,0
DA:81,0
DA:82,0
DA:83,0
DA:85,0
DA:86,0
DA:91,3
DA:92,1
DA:93,0
DA:94,1
DA:99,0
DA:101,1
DA:102,1
DA:103,1
DA:105,0
DA:109,3
DA:110,3
DA:111,12
DA:114,36
DA:131,3
DA:133,3
DA:152,1
LF:58
LH:30
BRDA:33,0,0,0
BRDA:33,0,1,2
BRDA:68,1,0,0
BRDA:68,1,1,0
BRDA:92,2,0,0
BRDA:92,2,1,1
BRDA:92,3,0,1
BRDA:92,3,1,1
BRDA:94,4,0,0
BRDA:94,4,1,1
BRDA:95,5,0,1
BRDA:95,5,1,0
BRDA:95,5,2,0
BRDA:102,6,0,1
BRDA:102,6,1,0
BRDA:136,7,0,0
BRDA:136,7,1,3
BRF:17
BRH:8
end_of_record
TN:
SF:utils.js
FN:8,(anonymous_0)
FN:10,(anonymous_1)
FN:16,(anonymous_2)
FN:25,(anonymous_3)
FN:48,(anonymous_4)
FN:60,(anonymous_5)
FNF:6
FNH:6
FNDA:14,(anonymous_0)
FNDA:56,(anonymous_1)
FNDA:13,(anonymous_2)
FNDA:78,(anonymous_3)
FNDA:11,(anonymous_4)
FNDA:1,(anonymous_5)
DA:1,1
DA:2,1
DA:8,1
DA:9,14
DA:10,14
DA:11,56
DA:13,14
DA:16,1
DA:17,13
DA:18,13
DA:21,13
DA:22,80
DA:23,80
DA:25,78
DA:28,13
DA:29,52
DA:30,156
DA:31,156
DA:32,156
DA:33,156
DA:34,156
DA:35,156
DA:37,156
DA:38,78
DA:40,156
DA:45,13
DA:48,1
DA:49,11
DA:50,11
DA:51,44
DA:52,132
DA:57,11
DA:60,1
DA:61,1
DA:62,1
DA:63,4
DA:64,12
DA:67,1
LF:38
LH:38
BRDA:8,0,0,14
BRDA:8,1,0,14
BRDA:23,2,0,78
BRDA:23,2,1,2
BRDA:33,3,0,156
BRDA:33,3,1,0
BRDA:37,4,0,78
BRDA:37,4,1,78
BRDA:52,5,0,66
BRDA:52,5,1,66
BRF:10
BRH:9
end_of_record
TN:
SF:components/Cards.js
FN:6,(anonymous_0)
FN:30,(anonymous_1)
FN:38,(anonymous_2)
FN:46,(anonymous_3)
FN:50,(anonymous_4)
FNF:5
FNH:5
FNDA:36,(anonymous_0)
FNDA:1,(anonymous_1)
FNDA:24,(anonymous_2)
FNDA:1,(anonymous_3)
FNDA:25,(anonymous_4)
DA:6,1
DA:7,36
DA:9,36
DA:19,36
DA:30,36
DA:31,1
DA:38,36
DA:39,24
DA:46,36
DA:47,1
DA:50,36
DA:51,25
DA:52,0
DA:53,25
DA:54,1
DA:56,24
DA:60,36
DA:80,1
DA:103,1
LF:19
LH:18
BRDA:51,0,0,0
BRDA:51,0,1,25
BRDA:53,1,0,1
BRDA:53,1,1,24
BRF:4
BRH:3
end_of_record
